================================================================================
                    WAKEVE TEST SUITE - STATUS SUMMARY
================================================================================

Generated: 2025-12-28
Analyzer: @tests Agent
Status: üî¥ CRITICAL - Build Failure

================================================================================
                              QUICK STATS
================================================================================

Total Test Files:         24
Total Tests Declared:     ~380+
Tests Executable:         0 ‚ùå (Blocked by compilation error)
Tests Passable:           9/9 ‚ùå (TransportServiceTest.kt)

Build Status:             FAILED ‚ùå
Compilation Errors:       9 (All in TransportServiceTest.kt)
Error Type:              Suspend function call without coroutine context

================================================================================
                              ROOT CAUSE
================================================================================

File: shared/src/commonTest/kotlin/com/guyghost/wakeve/transport/TransportServiceTest.kt
Issue: All 9 @Test functions call suspend functions without runBlocking wrapper

Example:
  ‚ùå @Test fun test() { transportService.getTransportOptions(...) }
  ‚úÖ @Test fun test() = runBlocking { transportService.getTransportOptions(...) }

Fix Time: 15-20 minutes
Difficulty: LOW

================================================================================
                          IMPACT ANALYSIS
================================================================================

BLOCKED TESTS:
  ‚ùå 9 tests in TransportServiceTest.kt
  ‚è∏Ô∏è  14 JVM integration tests (blocked by TransportServiceTest)
  ‚è∏Ô∏è  4 Server tests (blocked by TransportServiceTest)
  ‚è∏Ô∏è  5 ComposeApp tests (blocked by TransportServiceTest)

READY TESTS (waiting for fix):
  ‚úÖ 10 tests in EventRepositoryTest.kt
  ‚úÖ 6 tests in PollLogicTest.kt
  ‚úÖ 11 tests in ScenarioLogicTest.kt
  ‚úÖ 35 tests in BudgetCalculatorTest.kt
  ‚úÖ 43 tests in AccommodationServiceTest.kt
  ‚úÖ 58 tests in MealPlannerTest.kt
  ‚úÖ 50 tests in EquipmentManagerTest.kt
  ‚úÖ 40 tests in ActivityManagerTest.kt
  ‚úÖ 1 test in SharedCommonTest.kt

Total Ready: ~310+ tests

================================================================================
                        CRITICAL PRIORITY TASKS
================================================================================

[P1 - IMMEDIATE] Fix TransportServiceTest.kt
  Duration: 15-20 minutes
  Effort: LOW (Mechanical fix)
  Impact: UNBLOCKS all tests
  
  Action:
    1. Add "= runBlocking" to all 9 @Test functions
    2. Verify import: kotlinx.coroutines.runBlocking
    3. Run: ./gradlew shared:test --dry-run
    4. If SUCCESS, run: ./gradlew shared:test

Expected Result: All 380+ tests compile and execute

================================================================================
                           VERIFICATION STEPS
================================================================================

Step 1: Verify Fix Applied
  Command: grep -n "= runBlocking" \
    shared/src/commonTest/kotlin/com/guyghost/wakeve/transport/TransportServiceTest.kt
  Expected: 9 matches

Step 2: Compile Tests
  Command: ./gradlew shared:test --dry-run
  Expected: BUILD SUCCESSFUL

Step 3: Execute Tests
  Command: ./gradlew shared:test
  Expected: 380+ tests, X% passing

Step 4: Verify No "Suspend function" Errors
  Command: ./gradlew shared:test 2>&1 | grep "Suspend function" | wc -l
  Expected: 0

================================================================================
                         DETAILED FILE LISTING
================================================================================

COMMONTEST (10 files - Ready when TransportServiceTest fixed):
  ‚úÖ EventRepositoryTest.kt (10 tests)
  ‚úÖ PollLogicTest.kt (6 tests)
  ‚úÖ ScenarioLogicTest.kt (11 tests)
  ‚úÖ BudgetCalculatorTest.kt (35 tests)
  ‚úÖ AccommodationServiceTest.kt (43 tests)
  ‚úÖ MealPlannerTest.kt (58 tests)
  ‚úÖ EquipmentManagerTest.kt (50 tests)
  ‚úÖ ActivityManagerTest.kt (40 tests)
  ‚úÖ SharedCommonTest.kt (1 test)
  ‚ùå TransportServiceTest.kt (9 tests) - MUST FIX

JVMTEST (14 files - Blocked):
  ‚è∏Ô∏è  DatabaseEventRepositoryTest.kt
  ‚è∏Ô∏è  OfflineScenarioTest.kt
  ‚è∏Ô∏è  ScenarioRepositoryTest.kt
  ‚è∏Ô∏è  BudgetRepositoryTest.kt
  ‚è∏Ô∏è  SyncManagerTest.kt
  ‚è∏Ô∏è  OfflineOnlineIntegrationTest.kt
  ‚è∏Ô∏è  CollaborationIntegrationTest.kt
  ‚è∏Ô∏è  PrdWorkflowE2ETest.kt
  ‚è∏Ô∏è  RecommendationEngineTest.kt
  ‚è∏Ô∏è  CommentPerformanceTest.kt
  ‚è∏Ô∏è  ActivityPlanningIntegrationTest.kt
  ‚è∏Ô∏è  AccommodationIntegrationTest.kt
  ‚è∏Ô∏è  EquipmentChecklistIntegrationTest.kt
  ‚è∏Ô∏è  MealPlanningIntegrationTest.kt

SERVER & COMPOSEAPP TESTS (9 files - Blocked):
  ‚è∏Ô∏è  AuthFlowIntegrationTest.kt
  ‚è∏Ô∏è  SessionManagerTest.kt
  ‚è∏Ô∏è  ApplicationTest.kt
  ‚è∏Ô∏è  AuthenticationServiceTest.kt
  ‚è∏Ô∏è  NavigationRouteLogicTest.kt
  ‚è∏Ô∏è  OnboardingEdgeCasesTest.kt
  ‚è∏Ô∏è  AppNavigationTest.kt
  ‚è∏Ô∏è  OnboardingPersistenceTest.kt
  ‚è∏Ô∏è  ComposeAppCommonTest.kt

================================================================================
                            RECOMMENDATIONS
================================================================================

IMMEDIATE (TODAY):
  1. Apply fix to TransportServiceTest.kt (15-20 min)
  2. Verify compilation succeeds (5 min)
  3. Run full test suite (10 min)
  4. Document results

SHORT-TERM (THIS WEEK):
  1. Ensure all 380+ tests pass
  2. Review any test failures
  3. Add additional offline tests if coverage < 80%

MEDIUM-TERM (THIS MONTH):
  1. Add tests for Phase 4 features
  2. Improve test coverage to 90%+
  3. Set up CI/CD pipeline for automated testing

================================================================================
                         COMMAND REFERENCE
================================================================================

Run all shared tests:
  ./gradlew shared:test

Run JVM tests only:
  ./gradlew jvmTest

Run with dry-run (no execution):
  ./gradlew shared:test --dry-run

Clean and rebuild:
  ./gradlew clean shared:test

Show detailed test output:
  ./gradlew shared:test --info 2>&1 | tail -100

Count passing tests:
  ./gradlew shared:test 2>&1 | grep "PASSED" | wc -l

Count failing tests:
  ./gradlew shared:test 2>&1 | grep "FAILED" | wc -l

================================================================================
                          NEXT ACTIONS
================================================================================

1. READ: TEST_ANALYSIS_REPORT.md (for detailed analysis)
2. READ: TEST_FIX_ACTION_PLAN.md (for step-by-step fix)
3. EXECUTE: Fix TransportServiceTest.kt
4. VERIFY: ./gradlew shared:test --dry-run
5. RUN: ./gradlew shared:test
6. DOCUMENT: Create TEST_RESULTS_FIXED.md with results
7. COMMIT: Your fix with message "fix(tests): Fix coroutine suspension errors in TransportServiceTest"

================================================================================
                           SUPPORT DOCS
================================================================================

For more information, see:
  - TEST_ANALYSIS_REPORT.md        (Full analysis)
  - TEST_FIX_ACTION_PLAN.md         (Detailed fix steps)
  - TESTING_CHECKLIST.md           (Overall testing checklist)
  - .opencode/context.md           (Project context)
  - AGENTS.md                      (Development workflow)

================================================================================

Status: READY TO FIX ‚úÖ
Estimated Time to Fix: 45 minutes
Estimated Time to Pass All Tests: 1 hour

Good luck! üöÄ
